<?xml version="1.0" encoding="UTF-8"?><testrun name="ReportsMainScreenControllerTest" project="EKrutTest" tests="9" started="9" failures="0" errors="1" ignored="0">
  <testsuite name="UnitTest.ReportsMainScreenControllerTest" time="0.1">
    <testcase name="TestclickShowReportNULLLocationFlag0" classname="UnitTest.ReportsMainScreenControllerTest" time="0.076"/>
    <testcase name="TestclickShowReportNULLLocationFlag1" classname="UnitTest.ReportsMainScreenControllerTest" time="0.001"/>
    <testcase name="TestclickShowReportNULLMonth" classname="UnitTest.ReportsMainScreenControllerTest" time="0.0"/>
    <testcase name="TestclickShowReportDoneSuccessfull" classname="UnitTest.ReportsMainScreenControllerTest" time="0.017">
      <error>org.mockito.exceptions.base.MockitoException: 
Only void methods can doNothing()!
Example of correct use of doNothing():
    doNothing().
    doThrow(new RuntimeException())
    .when(mock).someVoidMethod();
Above means:
someVoidMethod() does nothing the 1st time but throws an exception the 2nd time is called&#13;
	at UnitTest.ReportsMainScreenControllerTest.TestclickShowReportDoneSuccessfull(ReportsMainScreenControllerTest.java:178)&#13;
	at java.base/jdk.internal.reflect.NativeMethodAccessorImpl.invoke0(Native Method)&#13;
	at java.base/jdk.internal.reflect.NativeMethodAccessorImpl.invoke(NativeMethodAccessorImpl.java:62)&#13;
	at java.base/jdk.internal.reflect.DelegatingMethodAccessorImpl.invoke(DelegatingMethodAccessorImpl.java:43)&#13;
	at java.base/java.lang.reflect.Method.invoke(Method.java:566)&#13;
	at org.junit.runners.model.FrameworkMethod$1.runReflectiveCall(FrameworkMethod.java:59)&#13;
	at org.junit.internal.runners.model.ReflectiveCallable.run(ReflectiveCallable.java:12)&#13;
	at org.junit.runners.model.FrameworkMethod.invokeExplosively(FrameworkMethod.java:56)&#13;
	at org.junit.internal.runners.statements.InvokeMethod.evaluate(InvokeMethod.java:17)&#13;
	at org.junit.internal.runners.statements.RunBefores.evaluate(RunBefores.java:26)&#13;
	at org.junit.runners.ParentRunner$3.evaluate(ParentRunner.java:306)&#13;
	at org.junit.runners.BlockJUnit4ClassRunner$1.evaluate(BlockJUnit4ClassRunner.java:100)&#13;
	at org.junit.runners.ParentRunner.runLeaf(ParentRunner.java:366)&#13;
	at org.junit.runners.BlockJUnit4ClassRunner.runChild(BlockJUnit4ClassRunner.java:103)&#13;
	at org.junit.runners.BlockJUnit4ClassRunner.runChild(BlockJUnit4ClassRunner.java:63)&#13;
	at org.junit.runners.ParentRunner$4.run(ParentRunner.java:331)&#13;
	at org.junit.runners.ParentRunner$1.schedule(ParentRunner.java:79)&#13;
	at org.junit.runners.ParentRunner.runChildren(ParentRunner.java:329)&#13;
	at org.junit.runners.ParentRunner.access$100(ParentRunner.java:66)&#13;
	at org.junit.runners.ParentRunner$2.evaluate(ParentRunner.java:293)&#13;
	at org.junit.runners.ParentRunner$3.evaluate(ParentRunner.java:306)&#13;
	at org.junit.runners.ParentRunner.run(ParentRunner.java:413)&#13;
	at org.eclipse.jdt.internal.junit4.runner.JUnit4TestReference.run(JUnit4TestReference.java:93)&#13;
	at org.eclipse.jdt.internal.junit.runner.TestExecution.run(TestExecution.java:40)&#13;
	at org.eclipse.jdt.internal.junit.runner.RemoteTestRunner.runTests(RemoteTestRunner.java:529)&#13;
	at org.eclipse.jdt.internal.junit.runner.RemoteTestRunner.runTests(RemoteTestRunner.java:756)&#13;
	at org.eclipse.jdt.internal.junit.runner.RemoteTestRunner.run(RemoteTestRunner.java:452)&#13;
	at org.eclipse.jdt.internal.junit.runner.RemoteTestRunner.main(RemoteTestRunner.java:210)&#13;
&#13;
</error>
    </testcase>
    <testcase name="TestclickShowReportNotFound" classname="UnitTest.ReportsMainScreenControllerTest" time="0.003"/>
    <testcase name="TestclickShowReportNULLMachineIDFlag0" classname="UnitTest.ReportsMainScreenControllerTest" time="0.001"/>
    <testcase name="TestclickShowReportNULLMachineIDFlag1" classname="UnitTest.ReportsMainScreenControllerTest" time="0.001"/>
    <testcase name="TestclickShowReportNULLType" classname="UnitTest.ReportsMainScreenControllerTest" time="0.0"/>
    <testcase name="TestclickShowReportNULLYear" classname="UnitTest.ReportsMainScreenControllerTest" time="0.001"/>
  </testsuite>
</testrun>
