<?xml version="1.0" encoding="UTF-8"?><testrun name="AllTests" project="EKrutTest" tests="25" started="25" failures="1" errors="0" ignored="0">
  <testsuite name="UnitTest.AllTests" time="0.594">
    <testsuite name="UnitTest.LogInScreenControllerTest" time="0.069">
      <testcase name="TestloginOL" classname="UnitTest.LogInScreenControllerTest" time="0.067"/>
      <testcase name="TestloginNullCredentials" classname="UnitTest.LogInScreenControllerTest" time="0.0"/>
      <testcase name="TestloginWorngCredentials" classname="UnitTest.LogInScreenControllerTest" time="0.001"/>
      <testcase name="TestloginNOTOLSubscriber" classname="UnitTest.LogInScreenControllerTest" time="0.0"/>
      <testcase name="TestloginNOTOLCustomer" classname="UnitTest.LogInScreenControllerTest" time="0.001"/>
      <testcase name="TestloginNOTOLNOTCustomerORSubscriber" classname="UnitTest.LogInScreenControllerTest" time="0.0"/>
    </testsuite>
    <testsuite name="UnitTest.MysqlControllerTest" time="0.511">
      <testcase name="testGetMonthlyInventoryReportExistingReportWithNullProductsReturnNull" classname="UnitTest.MysqlControllerTest" time="0.385"/>
      <testcase name="testGetMonthlyInventoryReportNoMatchingRecordReturnsNull" classname="UnitTest.MysqlControllerTest" time="0.009"/>
      <testcase name="testLogUserInIncorrectCredentialsReturnsNull" classname="UnitTest.MysqlControllerTest" time="0.011"/>
      <testcase name="testGenerateValidMonthlyInventoryReportCatchesMysqlDataTruncation" classname="UnitTest.MysqlControllerTest" time="0.032"/>
      <testcase name="testLogUserInNullCredentialsThrowsException" classname="UnitTest.MysqlControllerTest" time="0.008"/>
      <testcase name="testLogUserInValidCredentialsValidUser" classname="UnitTest.MysqlControllerTest" time="0.011"/>
      <testcase name="testGetMonthlyInventoryReportNullInputThrowsNullPointerException" classname="UnitTest.MysqlControllerTest" time="0.006"/>
      <testcase name="testGenerateValidMonthlyInventoryReportWhenReportAlreadyExistsCatchesSQLIntegrityConstraintViolationException" classname="UnitTest.MysqlControllerTest" time="0.021"/>
      <testcase name="testGetMonthlyInventoryReportWithExistingReport" classname="UnitTest.MysqlControllerTest" time="0.011">
        <failure>java.lang.AssertionError: expected:&lt;1&gt; but was:&lt;0&gt;&#13;
	at org.junit.Assert.fail(Assert.java:89)&#13;
	at org.junit.Assert.failNotEquals(Assert.java:835)&#13;
	at org.junit.Assert.assertEquals(Assert.java:647)&#13;
	at org.junit.Assert.assertEquals(Assert.java:633)&#13;
	at UnitTest.MysqlControllerTest.testGetMonthlyInventoryReportWithExistingReport(MysqlControllerTest.java:133)&#13;
	at java.base/jdk.internal.reflect.NativeMethodAccessorImpl.invoke0(Native Method)&#13;
	at java.base/jdk.internal.reflect.NativeMethodAccessorImpl.invoke(NativeMethodAccessorImpl.java:62)&#13;
	at java.base/jdk.internal.reflect.DelegatingMethodAccessorImpl.invoke(DelegatingMethodAccessorImpl.java:43)&#13;
	at java.base/java.lang.reflect.Method.invoke(Method.java:566)&#13;
	at org.junit.runners.model.FrameworkMethod$1.runReflectiveCall(FrameworkMethod.java:59)&#13;
	at org.junit.internal.runners.model.ReflectiveCallable.run(ReflectiveCallable.java:12)&#13;
	at org.junit.runners.model.FrameworkMethod.invokeExplosively(FrameworkMethod.java:56)&#13;
	at org.junit.internal.runners.statements.InvokeMethod.evaluate(InvokeMethod.java:17)&#13;
	at org.junit.internal.runners.statements.RunBefores.evaluate(RunBefores.java:26)&#13;
	at org.junit.runners.ParentRunner$3.evaluate(ParentRunner.java:306)&#13;
	at org.junit.runners.BlockJUnit4ClassRunner$1.evaluate(BlockJUnit4ClassRunner.java:100)&#13;
	at org.junit.runners.ParentRunner.runLeaf(ParentRunner.java:366)&#13;
	at org.junit.runners.BlockJUnit4ClassRunner.runChild(BlockJUnit4ClassRunner.java:103)&#13;
	at org.junit.runners.BlockJUnit4ClassRunner.runChild(BlockJUnit4ClassRunner.java:63)&#13;
	at org.junit.runners.ParentRunner$4.run(ParentRunner.java:331)&#13;
	at org.junit.runners.ParentRunner$1.schedule(ParentRunner.java:79)&#13;
	at org.junit.runners.ParentRunner.runChildren(ParentRunner.java:329)&#13;
	at org.junit.runners.ParentRunner.access$100(ParentRunner.java:66)&#13;
	at org.junit.runners.ParentRunner$2.evaluate(ParentRunner.java:293)&#13;
	at org.junit.runners.ParentRunner$3.evaluate(ParentRunner.java:306)&#13;
	at org.junit.runners.ParentRunner.run(ParentRunner.java:413)&#13;
	at org.junit.runners.Suite.runChild(Suite.java:128)&#13;
	at org.junit.runners.Suite.runChild(Suite.java:27)&#13;
	at org.junit.runners.ParentRunner$4.run(ParentRunner.java:331)&#13;
	at org.junit.runners.ParentRunner$1.schedule(ParentRunner.java:79)&#13;
	at org.junit.runners.ParentRunner.runChildren(ParentRunner.java:329)&#13;
	at org.junit.runners.ParentRunner.access$100(ParentRunner.java:66)&#13;
	at org.junit.runners.ParentRunner$2.evaluate(ParentRunner.java:293)&#13;
	at org.junit.runners.ParentRunner$3.evaluate(ParentRunner.java:306)&#13;
	at org.junit.runners.ParentRunner.run(ParentRunner.java:413)&#13;
	at org.eclipse.jdt.internal.junit4.runner.JUnit4TestReference.run(JUnit4TestReference.java:93)&#13;
	at org.eclipse.jdt.internal.junit.runner.TestExecution.run(TestExecution.java:40)&#13;
	at org.eclipse.jdt.internal.junit.runner.RemoteTestRunner.runTests(RemoteTestRunner.java:529)&#13;
	at org.eclipse.jdt.internal.junit.runner.RemoteTestRunner.runTests(RemoteTestRunner.java:756)&#13;
	at org.eclipse.jdt.internal.junit.runner.RemoteTestRunner.run(RemoteTestRunner.java:452)&#13;
	at org.eclipse.jdt.internal.junit.runner.RemoteTestRunner.main(RemoteTestRunner.java:210)&#13;
&#13;
</failure>
      </testcase>
      <testcase name="testGenerateValidMonthlyInventoryReport" classname="UnitTest.MysqlControllerTest" time="0.017"/>
    </testsuite>
    <testsuite name="UnitTest.ReportsMainScreenControllerTest" time="0.013">
      <testcase name="TestclickShowReportNULLLocationFlag0" classname="UnitTest.ReportsMainScreenControllerTest" time="0.01"/>
      <testcase name="TestclickShowReportNULLLocationFlag1" classname="UnitTest.ReportsMainScreenControllerTest" time="0.001"/>
      <testcase name="TestclickShowReportNULLMonth" classname="UnitTest.ReportsMainScreenControllerTest" time="0.0"/>
      <testcase name="TestclickShowReportDoneSuccessfull" classname="UnitTest.ReportsMainScreenControllerTest" time="0.0"/>
      <testcase name="TestclickShowReportNotFound" classname="UnitTest.ReportsMainScreenControllerTest" time="0.001"/>
      <testcase name="TestclickShowReportNULLMachineIDFlag0" classname="UnitTest.ReportsMainScreenControllerTest" time="0.0"/>
      <testcase name="TestclickShowReportNULLMachineID" classname="UnitTest.ReportsMainScreenControllerTest" time="0.001"/>
      <testcase name="TestclickShowReportNULLType" classname="UnitTest.ReportsMainScreenControllerTest" time="0.0"/>
      <testcase name="TestclickShowReportNULLYear" classname="UnitTest.ReportsMainScreenControllerTest" time="0.0"/>
    </testsuite>
  </testsuite>
</testrun>
